<?xml version='1.0' ?><testsuites name="Antaeus E2E Tests" tests="[0,0,0,0,0]"><testsuite name="Alonzo PV6 Tests" tests="0" /><testsuite name="Babbage PV7 Tests" tests="0" /><testsuite name="Babbage PV8 Tests" tests="0" /><testsuite name="Conway PV9 Tests" tests="0" /><testsuite name="Conway PV9 Governanace Tests" tests="0" /></testsuites>