<?xml version='1.0' ?><testsuites name="Antaeus E2E Tests" tests="[17]"><testsuite name="Conway PV9 Tests" tests="17"><testcase name="verifyMultipleStakePoolRetireTest" classname="Conway PV9 Tests" time="6.125699988"><properties><property name="description" value="Retire multiple stake pools in a single transaction" /></properties></testcase><testcase name="verifyMultipleStakeAddressDeRegistraionTest" classname="Conway PV9 Tests" time="7.074374438"><properties><property name="description" value="DeRegister multiple stake addresses in a single transaction" /></properties></testcase><testcase name="verifyMultipleStakePoolDelgationTest" classname="Conway PV9 Tests" time="7.146535501"><properties><property name="description" value="Delegate to multiple stake pools with different stake keys in a single transaction" /></properties></testcase><testcase name="verifyMultipleStakePoolRegistrationTest" classname="Conway PV9 Tests" time="2.031443875"><properties><property name="description" value="Register multiple stake pools in a single transaction" /></properties></testcase><testcase name="verifyMultipleStakeAddressRegistrationTest" classname="Conway PV9 Tests" time="3.051610099"><properties><property name="description" value="Verify multiple stake address registration in a single transaction." /></properties></testcase><testcase name="verifyMultiSigRequirementTest" classname="Conway PV9 Tests" time="3.074195232"><properties><property name="description" value="Verify spending UTxOs from script address requiring multiple signatures." /></properties></testcase><testcase name="verifyLockingAndSpendingInDifferentScriptTest" classname="Conway PV9 Tests" time="12.145534618"><properties><property name="description" value="Verify locking and spending multiple UTxOs in/from different script address in the same transaction." /></properties></testcase><testcase name="verifyLockingAndSpendingInSameScriptTest" classname="Conway PV9 Tests" time="19.108525527"><properties><property name="description" value="Verify locking and spending multiple UTxOs in/from the same script address in the same transaction." /></properties></testcase><testcase name="verifyMaxExUnitsMintingTest" classname="Conway PV9 Tests" time="2.029478282"><properties><property name="description" value="Verify minting can be done with exactly max execution units." /></properties></testcase><testcase name="verifyReferenceInputVisibilityTest" classname="Conway PV9 Tests" time="4.118410372"><properties><property name="description" value="Verify visibility of reference input&#39;s datum, value and address to unlock a UTxO." /></properties></testcase><testcase name="verifyBlake2b224ForValidatingPubKeyHashTest" classname="Conway PV9 Tests" time="3.108662654"><properties><property name="description" value="Verify blake2b_224 function for validating pubKeyHash." /></properties></testcase><testcase name="verifyEd25519SignatureForUtxoUnlockingTest" classname="Conway PV9 Tests" time="4.069333268"><properties><property name="description" value="Verify verifyEd25519Signature function for unlocking funds" /></properties></testcase><testcase name="verifyEcdsaSignatureForUtxoUnlockingTest" classname="Conway PV9 Tests" time="7.096593428"><properties><property name="description" value="Verify verifyEcdsaSecp256k1Signature function for unlocking funds" /></properties></testcase><testcase name="verifyKeccak256ForUtxoUnlockingTest" classname="Conway PV9 Tests" time="16.16443461"><properties><property name="description" value="Verify keccak256 function for validating ECDSA signature formatted via the EVM standard." /></properties></testcase><testcase name="verifySchnorrSignatureForUtxoUnlockingTest" classname="Conway PV9 Tests" time="12.106449846"><properties><property name="description" value="Verify verifySchnorrSecp256k1Signature function for unlocking funds" /></properties></testcase><testcase name="verifyBLS12G1ForUtxoUnlockingTest" classname="Conway PV9 Tests" time="5.092249594"><properties><property name="description" value="Verify bls12_381_G1 functions for unlocking funds from a script." /></properties></testcase><testcase name="verifyBLS12G2ForUtxoUnlockingTest" classname="Conway PV9 Tests" time="9.102603643"><properties><property name="description" value="Verify bls12_381_G1 functions for unlocking funds from a script." /></properties></testcase></testsuite></testsuites>