<?xml version='1.0' ?><testsuites name="Plutus V3 Tests" tests="[0,0,0,0,0,0,12]"><testsuite name="Plutus V3 Tests" tests="0" /><testsuite name="Spending Tx Tests" tests="0" /><testsuite name="Reference Input Tx Tests" tests="0" /><testsuite name="Minting Tx Tests" tests="0" /><testsuite name="PlutusV3 Efficiency Tests" tests="0" /><testsuite name="Staking and Pool Operations Tests" tests="0" /><testsuite name="Governance Actions Benchmark Tests" tests="12"><testcase name="multipleInfoProposalAndVoteTest" classname="Governance Actions Benchmark Tests" time="600.482162397"><properties><property name="description" value="Multiple propose and vote on an Info action" /></properties></testcase><testcase name="multiplePrameterChangeProposalAndVoteTest" classname="Governance Actions Benchmark Tests" time="601.537966313"><failure message="test failure">assert failed: Protocol parameter updated as expected.

CallStack (from HasCallStack):
  assert, called at app/Test/Bench/Governance.hs:994:9 in main:Test.Bench.Governance</failure><properties><property name="description" value="Multiple propose and vote on a change to the protocol parameters" /></properties></testcase><testcase name="multipleNoConfidenceProposalAndVoteTest" classname="Governance Actions Benchmark Tests" time="598.838865778"><properties><property name="description" value="Mulriple propose and vote on a motion of no-confidence" /></properties></testcase><testcase name="multipleConstitutionProposalAndVotesTest" classname="Governance Actions Benchmark Tests" time="598.798407397"><properties><property name="description" value="Multiple constitution Proposal and Vote" /></properties></testcase><testcase name="multipleCommitteeProposalAndVoteTest" classname="Governance Actions Benchmark Tests" time="407.114096582"><properties><property name="description" value="Multiple propose and vote on new constitutional committee" /></properties></testcase><testcase name="delegateAdaHolderToStakePool" classname="Governance Actions Benchmark Tests" time="7.571495038"><properties><property name="description" value="Delegate ada holders to stake pools" /></properties></testcase><testcase name="delegateAdaHolderToDReps" classname="Governance Actions Benchmark Tests" time="12.650444522"><properties><property name="description" value="Delegate shelly wallets (ada holders) to DReps" /></properties></testcase><testcase name="verifyMultipleStakePoolRegistrationTest" classname="Governance Actions Benchmark Tests" time="1.050502645"><properties><property name="description" value="Register multiple stake pools in a single transaction" /></properties></testcase><testcase name="registerCCMembers" classname="Governance Actions Benchmark Tests" time="1.066619139"><properties><property name="description" value="Register CC Members" /></properties></testcase><testcase name="registerDReps" classname="Governance Actions Benchmark Tests" time="3.068958348"><properties><property name="description" value="Register DReps" /></properties></testcase><testcase name="fundShelleyWallets" classname="Governance Actions Benchmark Tests" time="163.176437817"><properties><property name="description" value="Fund multiple shelley wallets in a single transaction." /></properties></testcase><testcase name="registerShelleyWallets" classname="Governance Actions Benchmark Tests" time="2.093022454"><properties><property name="description" value="Verify multiple stake address registration for voting in a single transaction." /></properties></testcase></testsuite></testsuites>