<?xml version='1.0' ?><testsuites name="Plutus V3 Tests" tests="[19]"><testsuite name="Conway PV9 Tests" tests="19"><testcase name="verifyV3SpendingEfficiencyTest" classname="Conway PV9 Tests" time="3.130745911"><properties><property name="description" value="Compare redeeming from script transaction execution-units between `PlutusV3 with plcVersion110` and `PlutusV2 with plcVersion100` and verify V3 is efficient." /></properties></testcase><testcase name="verifyV3MintingEfficiencyTest" classname="Conway PV9 Tests" time="1.134382546"><properties><property name="description" value="Compare NFT minting transaction execution-units between `PlutusV3 with plcVersion110` and `PlutusV2 with plcVersion100` and verify V3 is efficient." /></properties></testcase><testcase name="verifyMultipleStakePoolRetireTest" classname="Conway PV9 Tests" time="9.041626289"><properties><property name="description" value="Retire multiple stake pools in a single transaction" /></properties></testcase><testcase name="verifyMultipleStakeAddressDeRegistraionTest" classname="Conway PV9 Tests" time="1.022891765"><properties><property name="description" value="DeRegister multiple stake addresses in a single transaction" /></properties></testcase><testcase name="verifyMultipleStakePoolDelgationTest" classname="Conway PV9 Tests" time="8.111309366"><properties><property name="description" value="Delegate to multiple stake pools with different stake keys in a single transaction" /></properties></testcase><testcase name="verifyMultipleStakePoolRegistrationTest" classname="Conway PV9 Tests" time="3.029436121"><properties><property name="description" value="Register multiple stake pools in a single transaction" /></properties></testcase><testcase name="verifyMultipleStakeAddressRegistrationTest" classname="Conway PV9 Tests" time="1.04264468"><properties><property name="description" value="Verify multiple stake address registration in a single transaction." /></properties></testcase><testcase name="verifyMultiSigRequirementTest" classname="Conway PV9 Tests" time="9.123497511"><properties><property name="description" value="Verify spending UTxOs from script address requiring multiple signatures." /></properties></testcase><testcase name="verifyLockingAndSpendingInDifferentScriptTest" classname="Conway PV9 Tests" time="12.15161932"><properties><property name="description" value="Verify locking and spending multiple UTxOs in/from different script address in the same transaction." /></properties></testcase><testcase name="verifyLockingAndSpendingInSameScriptTest" classname="Conway PV9 Tests" time="17.141422222"><properties><property name="description" value="Verify locking and spending multiple UTxOs in/from the same script address in the same transaction." /></properties></testcase><testcase name="verifyMaxExUnitsMintingTest" classname="Conway PV9 Tests" time="2.032821652"><properties><property name="description" value="Verify minting can be done with exactly max execution units." /></properties></testcase><testcase name="verifyReferenceInputVisibilityTest" classname="Conway PV9 Tests" time="6.095787714"><properties><property name="description" value="Verify visibility of reference input&#39;s datum, value and address to unlock a UTxO." /></properties></testcase><testcase name="verifyBlake2b224ForValidatingPubKeyHashTest" classname="Conway PV9 Tests" time="6.047607797"><properties><property name="description" value="Verify blake2b_224 function for validating pubKeyHash." /></properties></testcase><testcase name="verifyEd25519SignatureForUtxoUnlockingTest" classname="Conway PV9 Tests" time="12.119721928"><properties><property name="description" value="Verify verifyEd25519Signature function for unlocking funds" /></properties></testcase><testcase name="verifyEcdsaSignatureForUtxoUnlockingTest" classname="Conway PV9 Tests" time="8.064499177"><properties><property name="description" value="Verify verifyEcdsaSecp256k1Signature function for unlocking funds" /></properties></testcase><testcase name="verifyKeccak256ForUtxoUnlockingTest" classname="Conway PV9 Tests" time="8.124717331"><properties><property name="description" value="Verify keccak256 function for validating ECDSA signature formatted via the EVM standard." /></properties></testcase><testcase name="verifySchnorrSignatureForUtxoUnlockingTest" classname="Conway PV9 Tests" time="5.064584971"><properties><property name="description" value="Verify verifySchnorrSecp256k1Signature function for unlocking funds" /></properties></testcase><testcase name="verifyBLS12G1ForUtxoUnlockingTest" classname="Conway PV9 Tests" time="4.073314992"><properties><property name="description" value="Verify bls12_381_G1 functions for unlocking funds from a script." /></properties></testcase><testcase name="verifyBLS12G2ForUtxoUnlockingTest" classname="Conway PV9 Tests" time="4.089117963"><properties><property name="description" value="Verify bls12_381_G1 functions for unlocking funds from a script." /></properties></testcase></testsuite></testsuites>