<?xml version='1.0' ?><testsuites name="Plutus V3 Tests" tests="[0,0,0,3]"><testsuite name="Conway PV9 Tests" tests="0" /><testsuite name="PlutusV3 Efficiency Tests" tests="0" /><testsuite name="Staking and Pool Operations Tests" tests="0" /><testsuite name="Governance Actions Benchmark Tests" tests="3"><testcase name="delegateAdaHolderToStakePool" classname="Governance Actions Benchmark Tests" time="136.220455705"><properties><property name="description" value="Delegate ada holders to stake pools" /></properties></testcase><testcase name="verifyMultipleStakePoolRegistrationTest" classname="Governance Actions Benchmark Tests" time="3.058658762"><properties><property name="description" value="Register multiple stake pools in a single transaction" /></properties></testcase><testcase name="registerShelleyWallets" classname="Governance Actions Benchmark Tests" time="12.277046578"><properties><property name="description" value="Verify multiple stake address registration for voting in a single transaction." /></properties></testcase></testsuite></testsuites>