<?xml version='1.0' ?><testsuites name="Antaeus E2E Tests" tests="[0,0,0,10,0]"><testsuite name="Alonzo PV6 Tests" tests="0" /><testsuite name="Babbage PV7 Tests" tests="0" /><testsuite name="Babbage PV8 Tests" tests="0" /><testsuite name="Conway PV9 Tests" tests="10"><testcase name="verifyLockingAndSpendingInSameTxTest" classname="Conway PV9 Tests" time="9.115275078"><properties><property name="description" value="Verify locking and spending multiple UTxOs in/from the same script address in the same transaction." /></properties></testcase><testcase name="verifyMaxExUnitsMintingTest" classname="Conway PV9 Tests" time="3.038621022"><properties><property name="description" value="Verify minting can be done with exactly max execution units." /></properties></testcase><testcase name="verifyReferenceInputVisibilityTestInfo" classname="Conway PV9 Tests" time="11.13323626"><properties><property name="description" value="Verify visibility of reference input&#39;s datum, value and address to unlock a UTxO." /></properties></testcase><testcase name="verifyBlake2b224ForValidatingPubKeyHashTest" classname="Conway PV9 Tests" time="3.107912273"><properties><property name="description" value="Verify blake2b_224 function for validating pubKeyHash." /></properties></testcase><testcase name="verifyEd25519SignatureForUtxoUnlockingTest" classname="Conway PV9 Tests" time="4.076961535"><properties><property name="description" value="Verify verifyEd25519Signature function for unlocking funds" /></properties></testcase><testcase name="verifyEcdsaSignatureForUtxoUnlockingTest" classname="Conway PV9 Tests" time="7.072906711"><properties><property name="description" value="Verify verifyEcdsaSecp256k1Signature function for unlocking funds" /></properties></testcase><testcase name="verifyKeccak256ForUtxoUnlockingTest" classname="Conway PV9 Tests" time="3.062343263"><properties><property name="description" value="Verify keccak256 function for validating ECDSA signature formatted via the EVM standard." /></properties></testcase><testcase name="verifySchnorrSignatureForUtxoUnlockingTest" classname="Conway PV9 Tests" time="6.099727709"><properties><property name="description" value="Verify verifySchnorrSecp256k1Signature function for unlocking funds" /></properties></testcase><testcase name="verifyBLS12G1ForUtxoUnlockingTest" classname="Conway PV9 Tests" time="4.080101008"><properties><property name="description" value="Verify bls12_381_G1 functions for unlocking funds from a script." /></properties></testcase><testcase name="verifyBLS12G2ForUtxoUnlockingTest" classname="Conway PV9 Tests" time="6.121352382"><properties><property name="description" value="Verify bls12_381_G1 functions for unlocking funds from a script." /></properties></testcase></testsuite><testsuite name="Conway PV9 Governanace Tests" tests="0" /></testsuites>