<?xml version='1.0' ?><testsuites name="Plutus V3 Tests" tests="[0,0,0,3]"><testsuite name="Conway PV9 Tests" tests="0" /><testsuite name="PlutusV3 Efficiency Tests" tests="0" /><testsuite name="Staking and Pool Operations Tests" tests="0" /><testsuite name="Governance Actions Benchmark Tests" tests="3"><testcase name="registerCCMembers" classname="Governance Actions Benchmark Tests" time="3.064822072"><properties><property name="description" value="Register CC Members" /></properties></testcase><testcase name="registerDReps" classname="Governance Actions Benchmark Tests" time="3.045251134"><properties><property name="description" value="Register DReps" /></properties></testcase><testcase name="registerShelleyWallets" classname="Governance Actions Benchmark Tests" time="5.063823677"><properties><property name="description" value="Verify multiple stake address registration for voting in a single transaction." /></properties></testcase></testsuite></testsuites>