<?xml version='1.0' ?><testsuites name="Plutus V3 Tests" tests="[0,0,0,4]"><testsuite name="Conway PV9 Tests" tests="0" /><testsuite name="PlutusV3 Efficiency Tests" tests="0" /><testsuite name="Staking and Pool Operations Tests" tests="0" /><testsuite name="Governance Actions Benchmark Tests" tests="4"><testcase name="verifyMultipleStakePoolRegistrationTest" classname="Governance Actions Benchmark Tests" time="5.043666265"><properties><property name="description" value="Register multiple stake pools in a single transaction" /></properties></testcase><testcase name="registerCCMembers" classname="Governance Actions Benchmark Tests" time="1.019912338"><properties><property name="description" value="Register CC Members" /></properties></testcase><testcase name="registerDReps" classname="Governance Actions Benchmark Tests" time="6.033852016"><properties><property name="description" value="Register DReps" /></properties></testcase><testcase name="registerShelleyWallets" classname="Governance Actions Benchmark Tests" time="21.250302013"><properties><property name="description" value="Verify multiple stake address registration for voting in a single transaction." /></properties></testcase></testsuite></testsuites>