<?xml version='1.0' ?><testsuites name="Plutus V3 Tests" tests="[17]"><testsuite name="Conway PV9 Tests" tests="17"><testcase name="verifyMultipleStakePoolRetireTest" classname="Conway PV9 Tests" time="2.059929867"><properties><property name="description" value="Retire multiple stake pools in a single transaction" /></properties></testcase><testcase name="verifyMultipleStakeAddressDeRegistraionTest" classname="Conway PV9 Tests" time="4.055571138"><properties><property name="description" value="DeRegister multiple stake addresses in a single transaction" /></properties></testcase><testcase name="verifyMultipleStakePoolDelgationTest" classname="Conway PV9 Tests" time="6.085693074"><properties><property name="description" value="Delegate to multiple stake pools with different stake keys in a single transaction" /></properties></testcase><testcase name="verifyMultipleStakePoolRegistrationTest" classname="Conway PV9 Tests" time="4.039148199"><properties><property name="description" value="Register multiple stake pools in a single transaction" /></properties></testcase><testcase name="verifyMultipleStakeAddressRegistrationTest" classname="Conway PV9 Tests" time="2.021913692"><properties><property name="description" value="Verify multiple stake address registration in a single transaction." /></properties></testcase><testcase name="verifyMultiSigRequirementTest" classname="Conway PV9 Tests" time="4.097075331"><properties><property name="description" value="Verify spending UTxOs from script address requiring multiple signatures." /></properties></testcase><testcase name="verifyLockingAndSpendingInDifferentScriptTest" classname="Conway PV9 Tests" time="8.101209425"><properties><property name="description" value="Verify locking and spending multiple UTxOs in/from different script address in the same transaction." /></properties></testcase><testcase name="verifyLockingAndSpendingInSameScriptTest" classname="Conway PV9 Tests" time="8.13776809"><properties><property name="description" value="Verify locking and spending multiple UTxOs in/from the same script address in the same transaction." /></properties></testcase><testcase name="verifyMaxExUnitsMintingTest" classname="Conway PV9 Tests" time="8.04616642"><properties><property name="description" value="Verify minting can be done with exactly max execution units." /></properties></testcase><testcase name="verifyReferenceInputVisibilityTest" classname="Conway PV9 Tests" time="11.155467578"><properties><property name="description" value="Verify visibility of reference input&#39;s datum, value and address to unlock a UTxO." /></properties></testcase><testcase name="verifyBlake2b224ForValidatingPubKeyHashTest" classname="Conway PV9 Tests" time="7.119654211"><properties><property name="description" value="Verify blake2b_224 function for validating pubKeyHash." /></properties></testcase><testcase name="verifyEd25519SignatureForUtxoUnlockingTest" classname="Conway PV9 Tests" time="5.057810555"><properties><property name="description" value="Verify verifyEd25519Signature function for unlocking funds" /></properties></testcase><testcase name="verifyEcdsaSignatureForUtxoUnlockingTest" classname="Conway PV9 Tests" time="12.113326671"><properties><property name="description" value="Verify verifyEcdsaSecp256k1Signature function for unlocking funds" /></properties></testcase><testcase name="verifyKeccak256ForUtxoUnlockingTest" classname="Conway PV9 Tests" time="5.064438615"><properties><property name="description" value="Verify keccak256 function for validating ECDSA signature formatted via the EVM standard." /></properties></testcase><testcase name="verifySchnorrSignatureForUtxoUnlockingTest" classname="Conway PV9 Tests" time="3.084583394"><properties><property name="description" value="Verify verifySchnorrSecp256k1Signature function for unlocking funds" /></properties></testcase><testcase name="verifyBLS12G1ForUtxoUnlockingTest" classname="Conway PV9 Tests" time="4.061848004"><properties><property name="description" value="Verify bls12_381_G1 functions for unlocking funds from a script." /></properties></testcase><testcase name="verifyBLS12G2ForUtxoUnlockingTest" classname="Conway PV9 Tests" time="10.077154574"><properties><property name="description" value="Verify bls12_381_G1 functions for unlocking funds from a script." /></properties></testcase></testsuite></testsuites>