<?xml version='1.0' ?><testsuites name="Antaeus E2E Tests" tests="[0,0,0,1,0]"><testsuite name="Alonzo PV6 Tests" tests="0" /><testsuite name="Babbage PV7 Tests" tests="0" /><testsuite name="Babbage PV8 Tests" tests="0" /><testsuite name="Conway PV9 Tests" tests="1"><testcase name="registerMultipleStakePoolTest" classname="Conway PV9 Tests" time="10.053750686"><properties><property name="description" value="Register a stake pool (for voting)" /></properties></testcase></testsuite><testsuite name="Conway PV9 Governanace Tests" tests="0" /></testsuites>