<?xml version='1.0' ?><testsuites name="Antaeus E2E Tests" tests="[0,0,0,8,0]"><testsuite name="Alonzo PV6 Tests" tests="0" /><testsuite name="Babbage PV7 Tests" tests="0" /><testsuite name="Babbage PV8 Tests" tests="0" /><testsuite name="Conway PV9 Tests" tests="8"><testcase name="verifyReferenceInputVisibilityTestInfo" classname="Conway PV9 Tests" time="5.122734218"><properties><property name="description" value="Verify visibility of reference input&#39;s datum, value and address to unlock a UTxO." /></properties></testcase><testcase name="verifyBlake2b224ForValidatingPubKeyHashTest" classname="Conway PV9 Tests" time="9.069483519"><properties><property name="description" value="Verify blake2b_224 function for validating pubKeyHash." /></properties></testcase><testcase name="verifyEd25519SignatureForUtxoUnlockingTest" classname="Conway PV9 Tests" time="4.112445464"><properties><property name="description" value="Verify verifyEd25519Signature function for unlocking funds" /></properties></testcase><testcase name="verifyEcdsaSignatureForUtxoUnlockingTest" classname="Conway PV9 Tests" time="4.071369099"><properties><property name="description" value="Verify verifyEcdsaSecp256k1Signature function for unlocking funds" /></properties></testcase><testcase name="verifyKeccak256ForUtxoUnlockingTest" classname="Conway PV9 Tests" time="13.159780945"><properties><property name="description" value="Verify keccak256 function for validating ECDSA signature formatted via the EVM standard." /></properties></testcase><testcase name="verifySchnorrSignatureForUtxoUnlockingTest" classname="Conway PV9 Tests" time="23.139304488"><properties><property name="description" value="Verify verifySchnorrSecp256k1Signature function for unlocking funds" /></properties></testcase><testcase name="verifyBLS12G1ForUtxoUnlockingTest" classname="Conway PV9 Tests" time="3.085070227"><properties><property name="description" value="Verify bls12_381_G1 functions for unlocking funds from a script." /></properties></testcase><testcase name="verifyBLS12G2ForUtxoUnlockingTest" classname="Conway PV9 Tests" time="7.086998389"><properties><property name="description" value="Verify bls12_381_G1 functions for unlocking funds from a script." /></properties></testcase></testsuite><testsuite name="Conway PV9 Governanace Tests" tests="0" /></testsuites>