<?xml version='1.0' ?><testsuites name="Plutus V3 Tests" tests="[0,0,0,0,0,0,0]"><testsuite name="Plutus V3 Tests" tests="0" /><testsuite name="Spending Tx Tests" tests="0" /><testsuite name="Reference Input Tx Tests" tests="0" /><testsuite name="Minting Tx Tests" tests="0" /><testsuite name="PlutusV3 Efficiency Tests" tests="0" /><testsuite name="Staking and Pool Operations Tests" tests="0" /><testsuite name="Governance Actions Benchmark Tests" tests="0" /></testsuites>