<?xml version='1.0' ?><testsuites name="Plutus V3 Tests" tests="[0,0,0,0,0,0,13]"><testsuite name="Plutus V3 Tests" tests="0" /><testsuite name="Spending Tx Tests" tests="0" /><testsuite name="Reference Input Tx Tests" tests="0" /><testsuite name="Minting Tx Tests" tests="0" /><testsuite name="PlutusV3 Efficiency Tests" tests="0" /><testsuite name="Staking and Pool Operations Tests" tests="0" /><testsuite name="Governance Actions Benchmark Tests" tests="13"><testcase name="multipleInfoProposalAndVoteTest" classname="Governance Actions Benchmark Tests" time="202.771374225"><properties><property name="description" value="Multiple propose and vote on an Info action" /></properties></testcase><testcase name="multipleTreasuryWithdrawalProposalAndVoteTest" classname="Governance Actions Benchmark Tests" time="197.581645744"><properties><property name="description" value="Multiple propose and vote on a treasury withdrawal" /></properties></testcase><testcase name="multiplePrameterChangeProposalAndVoteTest" classname="Governance Actions Benchmark Tests" time="202.742805773"><properties><property name="description" value="Multiple propose and vote on a change to the protocol parameters" /></properties></testcase><testcase name="multipleNoConfidenceProposalAndVoteTest" classname="Governance Actions Benchmark Tests" time="600.296495989"><failure message="test failure">assert failed: Gov State should not change

CallStack (from HasCallStack):
  assert, called at app/Test/Bench/Governance.hs:883:17 in main:Test.Bench.Governance</failure><properties><property name="description" value="Mulriple propose and vote on a motion of no-confidence" /></properties></testcase><testcase name="multipleConstitutionProposalAndVotesTest" classname="Governance Actions Benchmark Tests" time="599.34373742"><failure message="test failure">assert failed: expected constitution hash matches query result

CallStack (from HasCallStack):
  assert, called at app/Test/Bench/Governance.hs:761:9 in main:Test.Bench.Governance</failure><properties><property name="description" value="Multiple constitution Proposal and Vote" /></properties></testcase><testcase name="multipleCommitteeProposalAndVoteTest" classname="Governance Actions Benchmark Tests" time="521.112505032"><failure message="test failure">assert failed: Expected committee updated after voting procedure

CallStack (from HasCallStack):
  assert, called at app/Test/Bench/Governance.hs:616:9 in main:Test.Bench.Governance</failure><properties><property name="description" value="Multiple propose and vote on new constitutional committee" /></properties></testcase><testcase name="delegateAdaHolderToStakePool" classname="Governance Actions Benchmark Tests" time="8.614576343"><properties><property name="description" value="Delegate ada holders to stake pools" /></properties></testcase><testcase name="delegateAdaHolderToDReps" classname="Governance Actions Benchmark Tests" time="8.581050485"><properties><property name="description" value="Delegate shelly wallets (ada holders) to DReps" /></properties></testcase><testcase name="verifyMultipleStakePoolRegistrationTest" classname="Governance Actions Benchmark Tests" time="1.063353081"><properties><property name="description" value="Register multiple stake pools in a single transaction" /></properties></testcase><testcase name="registerCCMembers" classname="Governance Actions Benchmark Tests" time="1.030074905"><properties><property name="description" value="Register CC Members" /></properties></testcase><testcase name="registerDReps" classname="Governance Actions Benchmark Tests" time="2.049678209"><properties><property name="description" value="Register DReps" /></properties></testcase><testcase name="fundShelleyWallets" classname="Governance Actions Benchmark Tests" time="152.143224572"><properties><property name="description" value="Fund multiple shelley wallets in a single transaction." /></properties></testcase><testcase name="registerShelleyWallets" classname="Governance Actions Benchmark Tests" time="2.100461312"><properties><property name="description" value="Verify multiple stake address registration for voting in a single transaction." /></properties></testcase></testsuite></testsuites>