<?xml version='1.0' ?><testsuites name="Plutus V3 Tests" tests="[12,3,5]"><testsuite name="Conway PV9 Tests" tests="12"><testcase name="verifyMultiSigRequirementTest" classname="Conway PV9 Tests" time="3.098958668"><properties><property name="description" value="Verify spending UTxOs from script address requiring multiple signatures." /></properties></testcase><testcase name="verifyLockingAndSpendingInDifferentScriptTest" classname="Conway PV9 Tests" time="6.09375649"><properties><property name="description" value="Verify locking and spending multiple UTxOs in/from different script address in the same transaction." /></properties></testcase><testcase name="verifyLockingAndSpendingInSameScriptTest" classname="Conway PV9 Tests" time="16.184051159"><properties><property name="description" value="Verify locking and spending multiple UTxOs in/from the same script address in the same transaction." /></properties></testcase><testcase name="verifyMaxExUnitsMintingTest" classname="Conway PV9 Tests" time="5.055509796"><properties><property name="description" value="Verify minting can be done with exactly max execution units." /></properties></testcase><testcase name="verifyReferenceInputVisibilityTest" classname="Conway PV9 Tests" time="5.138605729"><properties><property name="description" value="Verify visibility of reference input&#39;s datum, value and address to unlock a UTxO." /></properties></testcase><testcase name="verifyBlake2b224ForValidatingPubKeyHashTest" classname="Conway PV9 Tests" time="2.069867993"><properties><property name="description" value="Verify blake2b_224 function for validating pubKeyHash." /></properties></testcase><testcase name="verifyEd25519SignatureForUtxoUnlockingTest" classname="Conway PV9 Tests" time="10.13830906"><properties><property name="description" value="Verify verifyEd25519Signature function for unlocking funds" /></properties></testcase><testcase name="verifyEcdsaSignatureForUtxoUnlockingTest" classname="Conway PV9 Tests" time="12.105523905"><properties><property name="description" value="Verify verifyEcdsaSecp256k1Signature function for unlocking funds" /></properties></testcase><testcase name="verifyKeccak256ForUtxoUnlockingTest" classname="Conway PV9 Tests" time="4.065588375"><properties><property name="description" value="Verify keccak256 function for validating ECDSA signature formatted via the EVM standard." /></properties></testcase><testcase name="verifySchnorrSignatureForUtxoUnlockingTest" classname="Conway PV9 Tests" time="3.067612183"><properties><property name="description" value="Verify verifySchnorrSecp256k1Signature function for unlocking funds" /></properties></testcase><testcase name="verifyBLS12G1ForUtxoUnlockingTest" classname="Conway PV9 Tests" time="13.116016238"><properties><property name="description" value="Verify bls12_381_G1 functions for unlocking funds from a script." /></properties></testcase><testcase name="verifyBLS12G2ForUtxoUnlockingTest" classname="Conway PV9 Tests" time="12.12874597"><properties><property name="description" value="Verify bls12_381_G1 functions for unlocking funds from a script." /></properties></testcase></testsuite><testsuite name="PlutusV3 Efficiency Tests" tests="3"><testcase name="verifyV3TxInfoFieldsTest" classname="PlutusV3 Efficiency Tests" time="4.16152878"><properties><property name="description" value="Compare TxInfo fields between `PlutusV3 with plcVersion110` and `PlutusV2 with plcVersion100` and verify V3 is efficient." /></properties></testcase><testcase name="verifyV3MultiSigEfficiencyTest" classname="PlutusV3 Efficiency Tests" time="2.12181903"><properties><property name="description" value="Compare multi-sig transaction execution-units between `PlutusV3 with plcVersion110` and `PlutusV2 with plcVersion100` and verify V3 is efficient." /></properties></testcase><testcase name="verifyV3MintingEfficiencyTest" classname="PlutusV3 Efficiency Tests" time="1.093108541"><properties><property name="description" value="Compare NFT minting transaction execution-units between `PlutusV3 with plcVersion110` and `PlutusV2 with plcVersion100` and verify V3 is efficient." /></properties></testcase></testsuite><testsuite name="Staking and Pool Operations Tests" tests="5"><testcase name="verifyMultipleStakePoolRetireTest" classname="Staking and Pool Operations Tests" time="7.082016137"><properties><property name="description" value="Retire multiple stake pools in a single transaction" /></properties></testcase><testcase name="verifyMultipleStakeAddressDeRegistraionTest" classname="Staking and Pool Operations Tests" time="2.037880116"><properties><property name="description" value="DeRegister multiple stake addresses in a single transaction" /></properties></testcase><testcase name="verifyMultipleStakePoolDelgationTest" classname="Staking and Pool Operations Tests" time="4.107962658"><properties><property name="description" value="Delegate to multiple stake pools with different stake keys in a single transaction" /></properties></testcase><testcase name="verifyMultipleStakePoolRegistrationTest" classname="Staking and Pool Operations Tests" time="2.04228166"><properties><property name="description" value="Register multiple stake pools in a single transaction" /></properties></testcase><testcase name="verifyMultipleStakeAddressRegistrationTest" classname="Staking and Pool Operations Tests" time="2.051703991"><properties><property name="description" value="Verify multiple stake address registration in a single transaction." /></properties></testcase></testsuite></testsuites>