<?xml version='1.0' ?><testsuites name="Plutus V3 Tests" tests="[0,0,0,0,0,0,12]"><testsuite name="Plutus V3 Tests" tests="0" /><testsuite name="Spending Tx Tests" tests="0" /><testsuite name="Reference Input Tx Tests" tests="0" /><testsuite name="Minting Tx Tests" tests="0" /><testsuite name="PlutusV3 Efficiency Tests" tests="0" /><testsuite name="Staking and Pool Operations Tests" tests="0" /><testsuite name="Governance Actions Benchmark Tests" tests="12"><testcase name="multipleInfoProposalAndVoteTest" classname="Governance Actions Benchmark Tests" time="598.880460128"><properties><property name="description" value="Multiple propose and vote on an Info action" /></properties></testcase><testcase name="multiplePrameterChangeProposalAndVoteTest" classname="Governance Actions Benchmark Tests" time="600.991408145"><failure message="test failure">assert failed: Protocol parameter updated as expected.

CallStack (from HasCallStack):
  assert, called at app/Test/Bench/Governance.hs:1004:9 in main:Test.Bench.Governance</failure><properties><property name="description" value="Multiple propose and vote on a change to the protocol parameters" /></properties></testcase><testcase name="multipleNoConfidenceProposalAndVoteTest" classname="Governance Actions Benchmark Tests" time="600.935159557"><failure message="test failure">assert failed: No Confidence action enacted.

CallStack (from HasCallStack):
  assert, called at app/Test/Bench/Governance.hs:885:17 in main:Test.Bench.Governance</failure><properties><property name="description" value="Mulriple propose and vote on a motion of no-confidence" /></properties></testcase><testcase name="multipleConstitutionProposalAndVotesTest" classname="Governance Actions Benchmark Tests" time="596.896307132"><properties><property name="description" value="Multiple constitution Proposal and Vote" /></properties></testcase><testcase name="multipleCommitteeProposalAndVoteTest" classname="Governance Actions Benchmark Tests" time="413.320807151"><properties><property name="description" value="Multiple propose and vote on new constitutional committee" /></properties></testcase><testcase name="delegateAdaHolderToStakePool" classname="Governance Actions Benchmark Tests" time="8.427077418"><properties><property name="description" value="Delegate ada holders to stake pools" /></properties></testcase><testcase name="delegateAdaHolderToDReps" classname="Governance Actions Benchmark Tests" time="14.527003217"><properties><property name="description" value="Delegate shelly wallets (ada holders) to DReps" /></properties></testcase><testcase name="verifyMultipleStakePoolRegistrationTest" classname="Governance Actions Benchmark Tests" time="1.062106017"><properties><property name="description" value="Register multiple stake pools in a single transaction" /></properties></testcase><testcase name="registerCCMembers" classname="Governance Actions Benchmark Tests" time="2.03905788"><properties><property name="description" value="Register CC Members" /></properties></testcase><testcase name="registerDReps" classname="Governance Actions Benchmark Tests" time="1.029725077"><properties><property name="description" value="Register DReps" /></properties></testcase><testcase name="fundShelleyWallets" classname="Governance Actions Benchmark Tests" time="151.183687377"><properties><property name="description" value="Fund multiple shelley wallets in a single transaction." /></properties></testcase><testcase name="registerShelleyWallets" classname="Governance Actions Benchmark Tests" time="8.150915288"><properties><property name="description" value="Verify multiple stake address registration for voting in a single transaction." /></properties></testcase></testsuite></testsuites>