<?xml version='1.0' ?><testsuites name="Antaeus E2E Tests" tests="[0,0,0,4,0]"><testsuite name="Alonzo PV6 Tests" tests="0" /><testsuite name="Babbage PV7 Tests" tests="0" /><testsuite name="Babbage PV8 Tests" tests="0" /><testsuite name="Conway PV9 Tests" tests="4"><testcase name="verifyMultipleStakeAddressDeRegistraionTest" classname="Conway PV9 Tests" time="1.030230007"><properties><property name="description" value="DeRegister multiple stake addresses in a single transaction" /></properties></testcase><testcase name="verifyMultipleStakePoolDelgationTest" classname="Conway PV9 Tests" time="9.101946873"><properties><property name="description" value="Delegate to multiple stake pools with different stake keys in a single transaction" /></properties></testcase><testcase name="verifyMultipleStakePoolRegistrationTest" classname="Conway PV9 Tests" time="3.044600402"><properties><property name="description" value="Register multiple stake pools in a single transaction" /></properties></testcase><testcase name="verifyMultipleStakeAddressRegistrationTest" classname="Conway PV9 Tests" time="2.045635182"><properties><property name="description" value="Verify multiple stake address registration in a single transaction." /></properties></testcase></testsuite><testsuite name="Conway PV9 Governanace Tests" tests="0" /></testsuites>