<?xml version='1.0' ?><testsuites name="Antaeus E2E Tests" tests="[0,0,0,3,0]"><testsuite name="Alonzo PV6 Tests" tests="0" /><testsuite name="Babbage PV7 Tests" tests="0" /><testsuite name="Babbage PV8 Tests" tests="0" /><testsuite name="Conway PV9 Tests" tests="3"><testcase name="verifyKeccak256ForUtxoUnlockingTest" classname="Conway PV9 Tests" time="16.13724682"><properties><property name="description" value="Verify keccak256 function for validating ECDSA signature formatted via the EVM standard." /></properties></testcase><testcase name="verifySchnorrSignatureForUtxoUnlockingTest" classname="Conway PV9 Tests" time="16.152650472"><properties><property name="description" value="Verify verifySchnorrSecp256k1Signature function for unlocking funds" /></properties></testcase><testcase name="verifyBLS12G1EqualsForUtxoUnlockingTest" classname="Conway PV9 Tests" time="5.074248587"><properties><property name="description" value="Verify bls12_381_G1_equals function for unlocking funds from a script." /></properties></testcase></testsuite><testsuite name="Conway PV9 Governanace Tests" tests="0" /></testsuites>