<?xml version='1.0' ?><testsuites name="Antaeus E2E Tests" tests="[0,0,0,4,0]"><testsuite name="Alonzo PV6 Tests" tests="0" /><testsuite name="Babbage PV7 Tests" tests="0" /><testsuite name="Babbage PV8 Tests" tests="0" /><testsuite name="Conway PV9 Tests" tests="4"><testcase name="verifyKeccak256ForUtxoUnlockingTest" classname="Conway PV9 Tests" time="3.046004576"><properties><property name="description" value="Verify keccak256 function for validating ECDSA signature formatted via the EVM standard." /></properties></testcase><testcase name="verifySchnorrSignatureForUtxoUnlockingTest" classname="Conway PV9 Tests" time="4.068778487"><properties><property name="description" value="Verify verifySchnorrSecp256k1Signature function for unlocking funds" /></properties></testcase><testcase name="verifyBLS12G1ForUtxoUnlockingTest" classname="Conway PV9 Tests" time="6.088085479"><properties><property name="description" value="Verify bls12_381_G1 functions for unlocking funds from a script." /></properties></testcase><testcase name="verifyBLS12G2ForUtxoUnlockingTest" classname="Conway PV9 Tests" time="3.06113737"><properties><property name="description" value="Verify bls12_381_G1 functions for unlocking funds from a script." /></properties></testcase></testsuite><testsuite name="Conway PV9 Governanace Tests" tests="0" /></testsuites>